# JRE version: Java(TM) SE Runtime Environment 18.9 (11.0.13+10) (build 11.0.13+10-LTS-370)
# Java VM: Java HotSpot(TM) 64-Bit Server VM 18.9 (11.0.13+10-LTS-370, mixed mode, tiered, compressed oops, g1 gc, windows-amd64)
Heap:
 garbage-first heap   total 131072K, used 73243K [0x0000000081600000, 0x0000000100000000)
  region size 1024K, 50 young (51200K), 2 survivors (2048K)
 Metaspace       used 57947K, capacity 59682K, committed 59904K, reserved 1101824K
  class space    used 7184K, capacity 7891K, committed 7936K, reserved 1048576K
GC Heap History (10 events):
Event: 66.437 GC heap before
{Heap before GC invocations=7 (full 0):
 garbage-first heap   total 131072K, used 42362K [0x0000000081600000, 0x0000000100000000)
  region size 1024K, 37 young (37888K), 8 survivors (8192K)
 Metaspace       used 34902K, capacity 35680K, committed 35840K, reserved 1081344K
  class space    used 4184K, capacity 4495K, committed 4608K, reserved 1048576K
}
Event: 66.454 GC heap after
{Heap after GC invocations=8 (full 0):
 garbage-first heap   total 131072K, used 14600K [0x0000000081600000, 0x0000000100000000)
  region size 1024K, 6 young (6144K), 6 survivors (6144K)
 Metaspace       used 34902K, capacity 35680K, committed 35840K, reserved 1081344K
  class space    used 4184K, capacity 4495K, committed 4608K, reserved 1048576K
}
Event: 108.349 GC heap before
{Heap before GC invocations=9 (full 0):
 garbage-first heap   total 131072K, used 86280K [0x0000000081600000, 0x0000000100000000)
  region size 1024K, 76 young (77824K), 6 survivors (6144K)
 Metaspace       used 43359K, capacity 44527K, committed 44544K, reserved 1087488K
  class space    used 5412K, capacity 5882K, committed 5888K, reserved 1048576K
}
Event: 108.372 GC heap after
{Heap after GC invocations=10 (full 0):
 garbage-first heap   total 131072K, used 18611K [0x0000000081600000, 0x0000000100000000)
  region size 1024K, 8 young (8192K), 8 survivors (8192K)
 Metaspace       used 43359K, capacity 44527K, committed 44544K, reserved 1087488K
  class space    used 5412K, capacity 5882K, committed 5888K, reserved 1048576K
}
Event: 127.851 GC heap before
{Heap before GC invocations=10 (full 0):
 garbage-first heap   total 131072K, used 88243K [0x0000000081600000, 0x0000000100000000)
  region size 1024K, 76 young (77824K), 8 survivors (8192K)
 Metaspace       used 52410K, capacity 54065K, committed 54144K, reserved 1095680K
  class space    used 6633K, capacity 7274K, committed 7296K, reserved 1048576K
}
Event: 127.877 GC heap after
{Heap after GC invocations=11 (full 0):
 garbage-first heap   total 131072K, used 23930K [0x0000000081600000, 0x0000000100000000)
  region size 1024K, 10 young (10240K), 10 survivors (10240K)
 Metaspace       used 52410K, capacity 54065K, committed 54144K, reserved 1095680K
  class space    used 6633K, capacity 7274K, committed 7296K, reserved 1048576K
}
Event: 557.346 GC heap before
{Heap before GC invocations=11 (full 0):
 garbage-first heap   total 131072K, used 91514K [0x0000000081600000, 0x0000000100000000)
  region size 1024K, 76 young (77824K), 10 survivors (10240K)
 Metaspace       used 57094K, capacity 58856K, committed 59136K, reserved 1099776K
  class space    used 7165K, capacity 7861K, committed 7936K, reserved 1048576K
}
Event: 557.385 GC heap after
{Heap after GC invocations=12 (full 0):
 garbage-first heap   total 131072K, used 25182K [0x0000000081600000, 0x0000000100000000)
  region size 1024K, 2 young (2048K), 2 survivors (2048K)
 Metaspace       used 57094K, capacity 58856K, committed 59136K, reserved 1099776K
  class space    used 7165K, capacity 7861K, committed 7936K, reserved 1048576K
}
Event: 1276.689 GC heap before
{Heap before GC invocations=12 (full 0):
 garbage-first heap   total 131072K, used 99934K [0x0000000081600000, 0x0000000100000000)
  region size 1024K, 75 young (76800K), 2 survivors (2048K)
 Metaspace       used 57736K, capacity 59483K, committed 59648K, reserved 1101824K
  class space    used 7183K, capacity 7890K, committed 7936K, reserved 1048576K
}
Event: 1276.848 GC heap after
{Heap after GC invocations=13 (full 0):
 garbage-first heap   total 131072K, used 25115K [0x0000000081600000, 0x0000000100000000)
  region size 1024K, 2 young (2048K), 2 survivors (2048K)
 Metaspace       used 57736K, capacity 59483K, committed 59648K, reserved 1101824K
  class space    used 7183K, capacity 7890K, committed 7936K, reserved 1048576K
}

